This file contains any messages produced by compilers while
running configure, to aid debugging if configure makes a mistake.

It was created by cudd configure 3.0.0, which was
generated by GNU Autoconf 2.69.  Invocation command line was

  $ ./configure --prefix=/home/scott/scott_centre/scm/gr1c/extern/src/cudd-3.0.0/../..

## --------- ##
## Platform. ##
## --------- ##

hostname = cero
uname -m = x86_64
uname -r = 5.5.10-200.fc31.x86_64
uname -s = Linux
uname -v = #1 SMP Wed Mar 18 14:21:38 UTC 2020

/usr/bin/uname -p = x86_64
/bin/uname -X     = unknown

/bin/arch              = x86_64
/usr/bin/arch -k       = unknown
/usr/convex/getsysinfo = unknown
/usr/bin/hostinfo      = unknown
/bin/machine           = unknown
/usr/bin/oslevel       = unknown
/bin/universe          = unknown

PATH: /home/scott/PYt37/bin
PATH: /opt/bin
PATH: /home/scott/opt/bin
PATH: /usr/share/Modules/bin
PATH: /usr/local/bin
PATH: /usr/local/sbin
PATH: /usr/bin
PATH: /usr/sbin
PATH: /home/scott/bin
PATH: /var/lib/snapd/snap/bin
PATH: /home/scott/.config/yarn/global/node_modules/.bin
PATH: /home/scott/opt/bin


## ----------- ##
## Core tests. ##
## ----------- ##

configure:2685: checking build system type
configure:2699: result: x86_64-unknown-linux-gnu
configure:2719: checking host system type
configure:2732: result: x86_64-unknown-linux-gnu
configure:2768: checking for a BSD-compatible install
configure:2836: result: /usr/bin/install -c
configure:2847: checking whether build environment is sane
configure:2902: result: yes
configure:3051: checking for a thread-safe mkdir -p
configure:3090: result: /usr/bin/mkdir -p
configure:3097: checking for gawk
configure:3113: found /usr/bin/gawk
configure:3124: result: gawk
configure:3135: checking whether make sets $(MAKE)
configure:3157: result: yes
configure:3186: checking whether make supports nested variables
configure:3203: result: yes
configure:3425: checking for gcc
configure:3441: found /usr/bin/gcc
configure:3452: result: gcc
configure:3681: checking for C compiler version
configure:3690: gcc --version >&5
gcc (GCC) 9.2.1 20190827 (Red Hat 9.2.1-1)
Copyright (C) 2019 Free Software Foundation, Inc.
This is free software; see the source for copying conditions.  There is NO
warranty; not even for MERCHANTABILITY or FITNESS FOR A PARTICULAR PURPOSE.

configure:3701: $? = 0
configure:3690: gcc -v >&5
Using built-in specs.
COLLECT_GCC=gcc
COLLECT_LTO_WRAPPER=/usr/libexec/gcc/x86_64-redhat-linux/9/lto-wrapper
OFFLOAD_TARGET_NAMES=nvptx-none
OFFLOAD_TARGET_DEFAULT=1
Target: x86_64-redhat-linux
Configured with: ../configure --enable-bootstrap --enable-languages=c,c++,fortran,objc,obj-c++,ada,go,d,lto --prefix=/usr --mandir=/usr/share/man --infodir=/usr/share/info --with-bugurl=http://bugzilla.redhat.com/bugzilla --enable-shared --enable-threads=posix --enable-checking=release --enable-multilib --with-system-zlib --enable-__cxa_atexit --disable-libunwind-exceptions --enable-gnu-unique-object --enable-linker-build-id --with-gcc-major-version-only --with-linker-hash-style=gnu --enable-plugin --enable-initfini-array --with-isl --enable-offload-targets=nvptx-none --without-cuda-driver --enable-gnu-indirect-function --enable-cet --with-tune=generic --with-arch_32=i686 --build=x86_64-redhat-linux
Thread model: posix
gcc version 9.2.1 20190827 (Red Hat 9.2.1-1) (GCC) 
configure:3701: $? = 0
configure:3690: gcc -V >&5
gcc: error: unrecognized command line option '-V'
gcc: fatal error: no input files
compilation terminated.
configure:3701: $? = 1
configure:3690: gcc -qversion >&5
gcc: error: unrecognized command line option '-qversion'; did you mean '--version'?
gcc: fatal error: no input files
compilation terminated.
configure:3701: $? = 1
configure:3721: checking whether the C compiler works
configure:3743: gcc -O3   conftest.c  >&5
configure:3747: $? = 0
configure:3795: result: yes
configure:3798: checking for C compiler default output file name
configure:3800: result: a.out
configure:3806: checking for suffix of executables
configure:3813: gcc -o conftest -O3   conftest.c  >&5
configure:3817: $? = 0
configure:3839: result: 
configure:3861: checking whether we are cross compiling
configure:3869: gcc -o conftest -O3   conftest.c  >&5
configure:3873: $? = 0
configure:3880: ./conftest
configure:3884: $? = 0
configure:3872: result: no
configure:3877: checking for suffix of object files
configure:3899: gcc -c -O3  conftest.c >&5
configure:3903: $? = 0
configure:3924: result: o
configure:3928: checking whether we are using the GNU C compiler
configure:3947: gcc -c -O3  conftest.c >&5
configure:3947: $? = 0
configure:3956: result: yes
configure:3965: checking whether gcc accepts -g
configure:3985: gcc -c -g  conftest.c >&5
configure:3985: $? = 0
configure:4026: result: yes
configure:4043: checking for gcc option to accept ISO C89
configure:4106: gcc  -c -O3  conftest.c >&5
configure:4106: $? = 0
configure:4119: result: none needed
configure:4144: checking whether gcc understands -c and -o together
configure:4166: gcc -c conftest.c -o conftest2.o
configure:4169: $? = 0
configure:4166: gcc -c conftest.c -o conftest2.o
configure:4169: $? = 0
configure:4181: result: yes
configure:4209: checking for style of include used by make
configure:4237: result: GNU
configure:4263: checking dependency style of gcc
configure:4374: result: gcc3
configure:4447: checking for g++
configure:4463: found /usr/bin/g++
configure:4474: result: g++
configure:4501: checking for C++ compiler version
configure:4510: g++ --version >&5
g++ (GCC) 9.2.1 20190827 (Red Hat 9.2.1-1)
Copyright (C) 2019 Free Software Foundation, Inc.
This is free software; see the source for copying conditions.  There is NO
warranty; not even for MERCHANTABILITY or FITNESS FOR A PARTICULAR PURPOSE.

configure:4521: $? = 0
configure:4510: g++ -v >&5
Using built-in specs.
COLLECT_GCC=g++
COLLECT_LTO_WRAPPER=/usr/libexec/gcc/x86_64-redhat-linux/9/lto-wrapper
OFFLOAD_TARGET_NAMES=nvptx-none
OFFLOAD_TARGET_DEFAULT=1
Target: x86_64-redhat-linux
Configured with: ../configure --enable-bootstrap --enable-languages=c,c++,fortran,objc,obj-c++,ada,go,d,lto --prefix=/usr --mandir=/usr/share/man --infodir=/usr/share/info --with-bugurl=http://bugzilla.redhat.com/bugzilla --enable-shared --enable-threads=posix --enable-checking=release --enable-multilib --with-system-zlib --enable-__cxa_atexit --disable-libunwind-exceptions --enable-gnu-unique-object --enable-linker-build-id --with-gcc-major-version-only --with-linker-hash-style=gnu --enable-plugin --enable-initfini-array --with-isl --enable-offload-targets=nvptx-none --without-cuda-driver --enable-gnu-indirect-function --enable-cet --with-tune=generic --with-arch_32=i686 --build=x86_64-redhat-linux
Thread model: posix
gcc version 9.2.1 20190827 (Red Hat 9.2.1-1) (GCC) 
configure:4521: $? = 0
configure:4510: g++ -V >&5
g++: error: unrecognized command line option '-V'
g++: fatal error: no input files
compilation terminated.
configure:4521: $? = 1
configure:4510: g++ -qversion >&5
g++: error: unrecognized command line option '-qversion'; did you mean '--version'?
g++: fatal error: no input files
compilation terminated.
configure:4521: $? = 1
configure:4525: checking whether we are using the GNU C++ compiler
configure:4544: g++ -c -Wall -Wextra -std=c++0x -g -O3  conftest.cpp >&5
configure:4544: $? = 0
configure:4553: result: yes
configure:4562: checking whether g++ accepts -g
configure:4582: g++ -c -g  conftest.cpp >&5
configure:4582: $? = 0
configure:4623: result: yes
configure:4648: checking dependency style of g++
configure:4759: result: gcc3
configure:4824: checking for ar
configure:4840: found /usr/bin/ar
configure:4851: result: ar
configure:4877: checking the archiver (ar) interface
configure:4893: gcc -c -O3  conftest.c >&5
configure:4893: $? = 0
configure:4895: ar cru libconftest.a conftest.o >&5
configure:4898: $? = 0
configure:4897: result: ar
configure:4964: checking how to print strings
configure:4991: result: printf
configure:5012: checking for a sed that does not truncate output
configure:5076: result: /usr/bin/sed
configure:5094: checking for grep that handles long lines and -e
configure:5152: result: /usr/bin/grep
configure:5157: checking for egrep
configure:5219: result: /usr/bin/grep -E
configure:5224: checking for fgrep
configure:5286: result: /usr/bin/grep -F
configure:5321: checking for ld used by gcc
configure:5388: result: /usr/bin/ld
configure:5395: checking if the linker (/usr/bin/ld) is GNU ld
configure:5410: result: yes
configure:5422: checking for BSD- or MS-compatible name lister (nm)
configure:5471: result: /usr/bin/nm -B
configure:5601: checking the name lister (/usr/bin/nm -B) interface
configure:5608: gcc -c -O3  conftest.c >&5
configure:5611: /usr/bin/nm -B "conftest.o"
configure:5614: output
0000000000000000 B some_variable
configure:5615: result: BSD nm
configure:5618: checking whether ln -s works
configure:5622: result: yes
configure:5630: checking the maximum length of command line arguments
configure:5761: result: 1572864
configure:5778: checking whether the shell understands some XSI constructs
configure:5787: result: yes
configure:5791: checking whether the shell understands "+="
configure:5795: result: yes
configure:5830: checking how to convert x86_64-unknown-linux-gnu file names to x86_64-unknown-linux-gnu format
configure:5870: result: func_convert_file_noop
configure:5877: checking how to convert x86_64-unknown-linux-gnu file names to toolchain format
configure:5897: result: func_convert_file_noop
configure:5904: checking for /usr/bin/ld option to reload object files
configure:5911: result: -r
configure:5985: checking for objdump
configure:6001: found /usr/bin/objdump
configure:6012: result: objdump
configure:6041: checking how to recognize dependent libraries
configure:6239: result: pass_all
configure:6324: checking for dlltool
configure:6354: result: no
configure:6381: checking how to associate runtime and link libraries
configure:6408: result: printf %s\n
configure:6532: checking for archiver @FILE support
configure:6549: gcc -c -O3  conftest.c >&5
configure:6549: $? = 0
configure:6552: ar cru libconftest.a @conftest.lst >&5
configure:6555: $? = 0
configure:6560: ar cru libconftest.a @conftest.lst >&5
ar: conftest.o: No such file or directory
configure:6563: $? = 1
configure:6562: result: @
configure:6620: checking for strip
configure:6636: found /usr/bin/strip
configure:6647: result: strip
configure:6719: checking for ranlib
configure:6735: found /usr/bin/ranlib
configure:6746: result: ranlib
configure:6848: checking command to parse /usr/bin/nm -B output from gcc object
configure:6968: gcc -c -O3  conftest.c >&5
configure:6971: $? = 0
configure:6975: /usr/bin/nm -B conftest.o \| sed -n -e 's/^.*[ ]\([ABCDGIRSTW][ABCDGIRSTW]*\)[ ][ ]*\([_A-Za-z][_A-Za-z0-9]*\)$/\1 \2 \2/p' | sed '/ __gnu_lto/d' \> conftest.nm
configure:6978: $? = 0
configure:7044: gcc -o conftest -O3   conftest.c conftstm.o >&5
configure:7047: $? = 0
configure:7085: result: ok
configure:7122: checking for sysroot
configure:7152: result: no
configure:7229: gcc -c -O3  conftest.c >&5
configure:7232: $? = 0
configure:7421: checking for mt
configure:7451: result: no
configure:7471: checking if : is a manifest tool
configure:7477: : '-?'
configure:7485: result: no
configure:8127: checking how to run the C preprocessor
configure:8158: gcc -E  conftest.c
configure:8158: $? = 0
configure:8172: gcc -E  conftest.c
conftest.c:11:10: fatal error: ac_nonexistent.h: No such file or directory
   11 | #include <ac_nonexistent.h>
      |          ^~~~~~~~~~~~~~~~~~
compilation terminated.
configure:8172: $? = 1
configure: failed program was:
| /* confdefs.h */
| #define PACKAGE_NAME "cudd"
| #define PACKAGE_TARNAME "cudd"
| #define PACKAGE_VERSION "3.0.0"
| #define PACKAGE_STRING "cudd 3.0.0"
| #define PACKAGE_BUGREPORT "Fabio@Colorado.EDU"
| #define PACKAGE_URL ""
| #define PACKAGE "cudd"
| #define VERSION "3.0.0"
| /* end confdefs.h.  */
| #include <ac_nonexistent.h>
configure:8197: result: gcc -E
configure:8217: gcc -E  conftest.c
configure:8217: $? = 0
configure:8231: gcc -E  conftest.c
conftest.c:11:10: fatal error: ac_nonexistent.h: No such file or directory
   11 | #include <ac_nonexistent.h>
      |          ^~~~~~~~~~~~~~~~~~
compilation terminated.
configure:8231: $? = 1
configure: failed program was:
| /* confdefs.h */
| #define PACKAGE_NAME "cudd"
| #define PACKAGE_TARNAME "cudd"
| #define PACKAGE_VERSION "3.0.0"
| #define PACKAGE_STRING "cudd 3.0.0"
| #define PACKAGE_BUGREPORT "Fabio@Colorado.EDU"
| #define PACKAGE_URL ""
| #define PACKAGE "cudd"
| #define VERSION "3.0.0"
| /* end confdefs.h.  */
| #include <ac_nonexistent.h>
configure:8260: checking for ANSI C header files
configure:8280: gcc -c -O3  conftest.c >&5
configure:8280: $? = 0
configure:8353: gcc -o conftest -O3   conftest.c  >&5
configure:8353: $? = 0
configure:8353: ./conftest
configure:8353: $? = 0
configure:8364: result: yes
configure:8377: checking for sys/types.h
configure:8377: gcc -c -O3  conftest.c >&5
configure:8377: $? = 0
configure:8377: result: yes
configure:8377: checking for sys/stat.h
configure:8377: gcc -c -O3  conftest.c >&5
configure:8377: $? = 0
configure:8377: result: yes
configure:8377: checking for stdlib.h
configure:8377: gcc -c -O3  conftest.c >&5
configure:8377: $? = 0
configure:8377: result: yes
configure:8377: checking for string.h
configure:8377: gcc -c -O3  conftest.c >&5
configure:8377: $? = 0
configure:8377: result: yes
configure:8377: checking for memory.h
configure:8377: gcc -c -O3  conftest.c >&5
configure:8377: $? = 0
configure:8377: result: yes
configure:8377: checking for strings.h
configure:8377: gcc -c -O3  conftest.c >&5
configure:8377: $? = 0
configure:8377: result: yes
configure:8377: checking for inttypes.h
configure:8377: gcc -c -O3  conftest.c >&5
configure:8377: $? = 0
configure:8377: result: yes
configure:8377: checking for stdint.h
configure:8377: gcc -c -O3  conftest.c >&5
configure:8377: $? = 0
configure:8377: result: yes
configure:8377: checking for unistd.h
configure:8377: gcc -c -O3  conftest.c >&5
configure:8377: $? = 0
configure:8377: result: yes
configure:8391: checking for dlfcn.h
configure:8391: gcc -c -O3  conftest.c >&5
configure:8391: $? = 0
configure:8391: result: yes
configure:8905: checking for objdir
configure:8920: result: .libs
configure:9191: checking if gcc supports -fno-rtti -fno-exceptions
configure:9209: gcc -c -O3  -fno-rtti -fno-exceptions conftest.c >&5
cc1: warning: command line option '-fno-rtti' is valid for C++/D/ObjC++ but not for C
configure:9213: $? = 0
configure:9226: result: no
configure:9553: checking for gcc option to produce PIC
configure:9560: result: -fPIC -DPIC
configure:9568: checking if gcc PIC flag -fPIC -DPIC works
configure:9586: gcc -c -O3  -fPIC -DPIC -DPIC conftest.c >&5
configure:9590: $? = 0
configure:9603: result: yes
configure:9632: checking if gcc static flag -static works
configure:9660: result: no
configure:9675: checking if gcc supports -c -o file.o
configure:9696: gcc -c -O3  -o out/conftest2.o conftest.c >&5
configure:9700: $? = 0
configure:9722: result: yes
configure:9730: checking if gcc supports -c -o file.o
configure:9777: result: yes
configure:9810: checking whether the gcc linker (/usr/bin/ld -m elf_x86_64) supports shared libraries
configure:10967: result: yes
configure:11207: checking dynamic linker characteristics
configure:11707: gcc -o conftest -O3   -Wl,-rpath -Wl,/foo conftest.c  >&5
configure:11707: $? = 0
configure:11941: result: GNU/Linux ld.so
configure:12048: checking how to hardcode library paths into programs
configure:12073: result: immediate
configure:12613: checking whether stripping libraries is possible
configure:12618: result: yes
configure:12653: checking if libtool supports shared libraries
configure:12655: result: yes
configure:12658: checking whether to build shared libraries
configure:12679: result: no
configure:12682: checking whether to build static libraries
configure:12686: result: yes
configure:9714: checking how to run the C++ preprocessor
configure:9741: g++ -E  conftest.cpp
configure:9741: $? = 0
configure:9755: g++ -E  conftest.cpp
conftest.cpp:23:10: fatal error: ac_nonexistent.h: No such file or directory
   23 | #include <ac_nonexistent.h>
      |          ^~~~~~~~~~~~~~~~~~
compilation terminated.
configure:9755: $? = 1
configure: failed program was:
| /* confdefs.h */
| #define PACKAGE_NAME "cudd"
| #define PACKAGE_TARNAME "cudd"
| #define PACKAGE_VERSION "3.0.0"
| #define PACKAGE_STRING "cudd 3.0.0"
| #define PACKAGE_BUGREPORT "Fabio@Colorado.EDU"
| #define PACKAGE_URL ""
| #define PACKAGE "cudd"
| #define VERSION "3.0.0"
| #define STDC_HEADERS 1
| #define HAVE_SYS_TYPES_H 1
| #define HAVE_SYS_STAT_H 1
| #define HAVE_STDLIB_H 1
| #define HAVE_STRING_H 1
| #define HAVE_MEMORY_H 1
| #define HAVE_STRINGS_H 1
| #define HAVE_INTTYPES_H 1
| #define HAVE_STDINT_H 1
| #define HAVE_UNISTD_H 1
| #define HAVE_DLFCN_H 1
| #define LT_OBJDIR ".libs/"
| /* end confdefs.h.  */
| #include <ac_nonexistent.h>
configure:9780: result: g++ -E
configure:9800: g++ -E  conftest.cpp
configure:9800: $? = 0
configure:9814: g++ -E  conftest.cpp
conftest.cpp:23:10: fatal error: ac_nonexistent.h: No such file or directory
   23 | #include <ac_nonexistent.h>
      |          ^~~~~~~~~~~~~~~~~~
compilation terminated.
configure:9814: $? = 1
configure: failed program was:
| /* confdefs.h */
| #define PACKAGE_NAME "cudd"
| #define PACKAGE_TARNAME "cudd"
| #define PACKAGE_VERSION "3.0.0"
| #define PACKAGE_STRING "cudd 3.0.0"
| #define PACKAGE_BUGREPORT "Fabio@Colorado.EDU"
| #define PACKAGE_URL ""
| #define PACKAGE "cudd"
| #define VERSION "3.0.0"
| #define STDC_HEADERS 1
| #define HAVE_SYS_TYPES_H 1
| #define HAVE_SYS_STAT_H 1
| #define HAVE_STDLIB_H 1
| #define HAVE_STRING_H 1
| #define HAVE_MEMORY_H 1
| #define HAVE_STRINGS_H 1
| #define HAVE_INTTYPES_H 1
| #define HAVE_STDINT_H 1
| #define HAVE_UNISTD_H 1
| #define HAVE_DLFCN_H 1
| #define LT_OBJDIR ".libs/"
| /* end confdefs.h.  */
| #include <ac_nonexistent.h>
configure:9983: checking for ld used by g++
configure:10050: result: /usr/bin/ld -m elf_x86_64
configure:10057: checking if the linker (/usr/bin/ld -m elf_x86_64) is GNU ld
configure:10072: result: yes
configure:10127: checking whether the g++ linker (/usr/bin/ld -m elf_x86_64) supports shared libraries
configure:11129: result: yes
configure:11165: g++ -c -Wall -Wextra -std=c++0x -g -O3  conftest.cpp >&5
configure:11168: $? = 0
configure:11688: checking for g++ option to produce PIC
configure:11695: result: -fPIC -DPIC
configure:11703: checking if g++ PIC flag -fPIC -DPIC works
configure:11721: g++ -c -Wall -Wextra -std=c++0x -g -O3  -fPIC -DPIC -DPIC conftest.cpp >&5
configure:11725: $? = 0
configure:11738: result: yes
configure:11761: checking if g++ static flag -static works
configure:11789: result: no
configure:11801: checking if g++ supports -c -o file.o
configure:11822: g++ -c -Wall -Wextra -std=c++0x -g -O3  -o out/conftest2.o conftest.cpp >&5
configure:11826: $? = 0
configure:11848: result: yes
configure:11853: checking if g++ supports -c -o file.o
configure:11900: result: yes
configure:11930: checking whether the g++ linker (/usr/bin/ld -m elf_x86_64) supports shared libraries
configure:11969: result: yes
configure:12110: checking dynamic linker characteristics
configure:12778: result: GNU/Linux ld.so
configure:12831: checking how to hardcode library paths into programs
configure:12856: result: immediate
configure:11859: checking whether byte ordering is bigendian
configure:11874: gcc -c -O3  conftest.c >&5
conftest.c:24:9: error: unknown type name 'not'
   24 |         not a universal capable compiler
      |         ^~~
conftest.c:24:15: error: expected '=', ',', ';', 'asm' or '__attribute__' before 'universal'
   24 |         not a universal capable compiler
      |               ^~~~~~~~~
conftest.c:24:15: error: unknown type name 'universal'
configure:11874: $? = 1
configure: failed program was:
| /* confdefs.h */
| #define PACKAGE_NAME "cudd"
| #define PACKAGE_TARNAME "cudd"
| #define PACKAGE_VERSION "3.0.0"
| #define PACKAGE_STRING "cudd 3.0.0"
| #define PACKAGE_BUGREPORT "Fabio@Colorado.EDU"
| #define PACKAGE_URL ""
| #define PACKAGE "cudd"
| #define VERSION "3.0.0"
| #define STDC_HEADERS 1
| #define HAVE_SYS_TYPES_H 1
| #define HAVE_SYS_STAT_H 1
| #define HAVE_STDLIB_H 1
| #define HAVE_STRING_H 1
| #define HAVE_MEMORY_H 1
| #define HAVE_STRINGS_H 1
| #define HAVE_INTTYPES_H 1
| #define HAVE_STDINT_H 1
| #define HAVE_UNISTD_H 1
| #define HAVE_DLFCN_H 1
| #define LT_OBJDIR ".libs/"
| /* end confdefs.h.  */
| #ifndef __APPLE_CC__
| 	       not a universal capable compiler
| 	     #endif
| 	     typedef int dummy;
| 
configure:11919: gcc -c -O3  conftest.c >&5
configure:11919: $? = 0
configure:11937: gcc -c -O3  conftest.c >&5
conftest.c: In function 'main':
conftest.c:30:4: error: unknown type name 'not'; did you mean 'ino_t'?
   30 |    not big endian
      |    ^~~
      |    ino_t
conftest.c:30:12: error: expected '=', ',', ';', 'asm' or '__attribute__' before 'endian'
   30 |    not big endian
      |            ^~~~~~
configure:11937: $? = 1
configure: failed program was:
| /* confdefs.h */
| #define PACKAGE_NAME "cudd"
| #define PACKAGE_TARNAME "cudd"
| #define PACKAGE_VERSION "3.0.0"
| #define PACKAGE_STRING "cudd 3.0.0"
| #define PACKAGE_BUGREPORT "Fabio@Colorado.EDU"
| #define PACKAGE_URL ""
| #define PACKAGE "cudd"
| #define VERSION "3.0.0"
| #define STDC_HEADERS 1
| #define HAVE_SYS_TYPES_H 1
| #define HAVE_SYS_STAT_H 1
| #define HAVE_STDLIB_H 1
| #define HAVE_STRING_H 1
| #define HAVE_MEMORY_H 1
| #define HAVE_STRINGS_H 1
| #define HAVE_INTTYPES_H 1
| #define HAVE_STDINT_H 1
| #define HAVE_UNISTD_H 1
| #define HAVE_DLFCN_H 1
| #define LT_OBJDIR ".libs/"
| /* end confdefs.h.  */
| #include <sys/types.h>
| 		#include <sys/param.h>
| 
| int
| main ()
| {
| #if BYTE_ORDER != BIG_ENDIAN
| 		 not big endian
| 		#endif
| 
|   ;
|   return 0;
| }
configure:12065: result: no
configure:12097: checking for doxygen
configure:12113: found /usr/bin/doxygen
configure:12124: result: doxygen
configure:12156: checking for pdflatex
configure:12172: found /usr/bin/pdflatex
configure:12183: result: pdflatex
configure:12202: checking for makeindex
configure:12218: found /usr/bin/makeindex
configure:12229: result: makeindex
configure:12259: checking for library containing pow
configure:12290: gcc -o conftest -O3   conftest.c  >&5
conftest.c:30:6: warning: conflicting types for built-in function 'pow'; expected 'double(double,  double)' [-Wbuiltin-declaration-mismatch]
   30 | char pow ();
      |      ^~~
conftest.c:1:1: note: 'pow' is declared in header '<math.h>'
    1 | /* confdefs.h */
/usr/bin/ld: /tmp/ccHmoLzL.o: in function `main':
conftest.c:(.text.startup+0x7): undefined reference to `pow'
collect2: error: ld returned 1 exit status
configure:12290: $? = 1
configure: failed program was:
| /* confdefs.h */
| #define PACKAGE_NAME "cudd"
| #define PACKAGE_TARNAME "cudd"
| #define PACKAGE_VERSION "3.0.0"
| #define PACKAGE_STRING "cudd 3.0.0"
| #define PACKAGE_BUGREPORT "Fabio@Colorado.EDU"
| #define PACKAGE_URL ""
| #define PACKAGE "cudd"
| #define VERSION "3.0.0"
| #define STDC_HEADERS 1
| #define HAVE_SYS_TYPES_H 1
| #define HAVE_SYS_STAT_H 1
| #define HAVE_STDLIB_H 1
| #define HAVE_STRING_H 1
| #define HAVE_MEMORY_H 1
| #define HAVE_STRINGS_H 1
| #define HAVE_INTTYPES_H 1
| #define HAVE_STDINT_H 1
| #define HAVE_UNISTD_H 1
| #define HAVE_DLFCN_H 1
| #define LT_OBJDIR ".libs/"
| /* end confdefs.h.  */
| 
| /* Override any GCC internal prototype to avoid an error.
|    Use char because int might match the return type of a GCC
|    builtin and then its argument prototype would still apply.  */
| #ifdef __cplusplus
| extern "C"
| #endif
| char pow ();
| int
| main ()
| {
| return pow ();
|   ;
|   return 0;
| }
configure:12290: gcc -o conftest -O3   conftest.c -lm   >&5
conftest.c:30:6: warning: conflicting types for built-in function 'pow'; expected 'double(double,  double)' [-Wbuiltin-declaration-mismatch]
   30 | char pow ();
      |      ^~~
conftest.c:1:1: note: 'pow' is declared in header '<math.h>'
    1 | /* confdefs.h */
configure:12290: $? = 0
configure:12307: result: -lm
configure:12315: checking for pthread_create in -lpthread
configure:12340: gcc -o conftest -O3   conftest.c -lpthread  -lm  >&5
configure:12340: $? = 0
configure:12349: result: yes
configure:12366: checking for library containing WSAStartup
configure:12397: gcc -o conftest -O3   conftest.c -lm  >&5
/usr/bin/ld: /tmp/ccTFmcfz.o: in function `main':
conftest.c:(.text.startup+0x7): undefined reference to `WSAStartup'
collect2: error: ld returned 1 exit status
configure:12397: $? = 1
configure: failed program was:
| /* confdefs.h */
| #define PACKAGE_NAME "cudd"
| #define PACKAGE_TARNAME "cudd"
| #define PACKAGE_VERSION "3.0.0"
| #define PACKAGE_STRING "cudd 3.0.0"
| #define PACKAGE_BUGREPORT "Fabio@Colorado.EDU"
| #define PACKAGE_URL ""
| #define PACKAGE "cudd"
| #define VERSION "3.0.0"
| #define STDC_HEADERS 1
| #define HAVE_SYS_TYPES_H 1
| #define HAVE_SYS_STAT_H 1
| #define HAVE_STDLIB_H 1
| #define HAVE_STRING_H 1
| #define HAVE_MEMORY_H 1
| #define HAVE_STRINGS_H 1
| #define HAVE_INTTYPES_H 1
| #define HAVE_STDINT_H 1
| #define HAVE_UNISTD_H 1
| #define HAVE_DLFCN_H 1
| #define LT_OBJDIR ".libs/"
| /* end confdefs.h.  */
| 
| /* Override any GCC internal prototype to avoid an error.
|    Use char because int might match the return type of a GCC
|    builtin and then its argument prototype would still apply.  */
| #ifdef __cplusplus
| extern "C"
| #endif
| char WSAStartup ();
| int
| main ()
| {
| return WSAStartup ();
|   ;
|   return 0;
| }
configure:12397: gcc -o conftest -O3   conftest.c -lws2_32  -lm  >&5
/usr/bin/ld: cannot find -lws2_32
collect2: error: ld returned 1 exit status
configure:12397: $? = 1
configure: failed program was:
| /* confdefs.h */
| #define PACKAGE_NAME "cudd"
| #define PACKAGE_TARNAME "cudd"
| #define PACKAGE_VERSION "3.0.0"
| #define PACKAGE_STRING "cudd 3.0.0"
| #define PACKAGE_BUGREPORT "Fabio@Colorado.EDU"
| #define PACKAGE_URL ""
| #define PACKAGE "cudd"
| #define VERSION "3.0.0"
| #define STDC_HEADERS 1
| #define HAVE_SYS_TYPES_H 1
| #define HAVE_SYS_STAT_H 1
| #define HAVE_STDLIB_H 1
| #define HAVE_STRING_H 1
| #define HAVE_MEMORY_H 1
| #define HAVE_STRINGS_H 1
| #define HAVE_INTTYPES_H 1
| #define HAVE_STDINT_H 1
| #define HAVE_UNISTD_H 1
| #define HAVE_DLFCN_H 1
| #define LT_OBJDIR ".libs/"
| /* end confdefs.h.  */
| 
| /* Override any GCC internal prototype to avoid an error.
|    Use char because int might match the return type of a GCC
|    builtin and then its argument prototype would still apply.  */
| #ifdef __cplusplus
| extern "C"
| #endif
| char WSAStartup ();
| int
| main ()
| {
| return WSAStartup ();
|   ;
|   return 0;
| }
configure:12414: result: no
configure:12422: checking for library containing GetProcessMemoryInfo
configure:12453: gcc -o conftest -O3   conftest.c -lm  >&5
/usr/bin/ld: /tmp/ccbHuZTF.o: in function `main':
conftest.c:(.text.startup+0x7): undefined reference to `GetProcessMemoryInfo'
collect2: error: ld returned 1 exit status
configure:12453: $? = 1
configure: failed program was:
| /* confdefs.h */
| #define PACKAGE_NAME "cudd"
| #define PACKAGE_TARNAME "cudd"
| #define PACKAGE_VERSION "3.0.0"
| #define PACKAGE_STRING "cudd 3.0.0"
| #define PACKAGE_BUGREPORT "Fabio@Colorado.EDU"
| #define PACKAGE_URL ""
| #define PACKAGE "cudd"
| #define VERSION "3.0.0"
| #define STDC_HEADERS 1
| #define HAVE_SYS_TYPES_H 1
| #define HAVE_SYS_STAT_H 1
| #define HAVE_STDLIB_H 1
| #define HAVE_STRING_H 1
| #define HAVE_MEMORY_H 1
| #define HAVE_STRINGS_H 1
| #define HAVE_INTTYPES_H 1
| #define HAVE_STDINT_H 1
| #define HAVE_UNISTD_H 1
| #define HAVE_DLFCN_H 1
| #define LT_OBJDIR ".libs/"
| /* end confdefs.h.  */
| 
| /* Override any GCC internal prototype to avoid an error.
|    Use char because int might match the return type of a GCC
|    builtin and then its argument prototype would still apply.  */
| #ifdef __cplusplus
| extern "C"
| #endif
| char GetProcessMemoryInfo ();
| int
| main ()
| {
| return GetProcessMemoryInfo ();
|   ;
|   return 0;
| }
configure:12453: gcc -o conftest -O3   conftest.c -lpsapi  -lm  >&5
/usr/bin/ld: cannot find -lpsapi
collect2: error: ld returned 1 exit status
configure:12453: $? = 1
configure: failed program was:
| /* confdefs.h */
| #define PACKAGE_NAME "cudd"
| #define PACKAGE_TARNAME "cudd"
| #define PACKAGE_VERSION "3.0.0"
| #define PACKAGE_STRING "cudd 3.0.0"
| #define PACKAGE_BUGREPORT "Fabio@Colorado.EDU"
| #define PACKAGE_URL ""
| #define PACKAGE "cudd"
| #define VERSION "3.0.0"
| #define STDC_HEADERS 1
| #define HAVE_SYS_TYPES_H 1
| #define HAVE_SYS_STAT_H 1
| #define HAVE_STDLIB_H 1
| #define HAVE_STRING_H 1
| #define HAVE_MEMORY_H 1
| #define HAVE_STRINGS_H 1
| #define HAVE_INTTYPES_H 1
| #define HAVE_STDINT_H 1
| #define HAVE_UNISTD_H 1
| #define HAVE_DLFCN_H 1
| #define LT_OBJDIR ".libs/"
| /* end confdefs.h.  */
| 
| /* Override any GCC internal prototype to avoid an error.
|    Use char because int might match the return type of a GCC
|    builtin and then its argument prototype would still apply.  */
| #ifdef __cplusplus
| extern "C"
| #endif
| char GetProcessMemoryInfo ();
| int
| main ()
| {
| return GetProcessMemoryInfo ();
|   ;
|   return 0;
| }
configure:12470: result: no
configure:12484: checking float.h usability
configure:12484: gcc -c -O3  conftest.c >&5
configure:12484: $? = 0
configure:12484: result: yes
configure:12484: checking float.h presence
configure:12484: gcc -E  conftest.c
configure:12484: $? = 0
configure:12484: result: yes
configure:12484: checking for float.h
configure:12484: result: yes
configure:12484: checking for inttypes.h
configure:12484: result: yes
configure:12484: checking limits.h usability
configure:12484: gcc -c -O3  conftest.c >&5
configure:12484: $? = 0
configure:12484: result: yes
configure:12484: checking limits.h presence
configure:12484: gcc -E  conftest.c
configure:12484: $? = 0
configure:12484: result: yes
configure:12484: checking for limits.h
configure:12484: result: yes
configure:12484: checking stddef.h usability
configure:12484: gcc -c -O3  conftest.c >&5
configure:12484: $? = 0
configure:12484: result: yes
configure:12484: checking stddef.h presence
configure:12484: gcc -E  conftest.c
configure:12484: $? = 0
configure:12484: result: yes
configure:12484: checking for stddef.h
configure:12484: result: yes
configure:12484: checking for stdlib.h
configure:12484: result: yes
configure:12484: checking for string.h
configure:12484: result: yes
configure:12484: checking assert.h usability
configure:12484: gcc -c -O3  conftest.c >&5
configure:12484: $? = 0
configure:12484: result: yes
configure:12484: checking assert.h presence
configure:12484: gcc -E  conftest.c
configure:12484: $? = 0
configure:12484: result: yes
configure:12484: checking for assert.h
configure:12484: result: yes
configure:12484: checking math.h usability
configure:12484: gcc -c -O3  conftest.c >&5
configure:12484: $? = 0
configure:12484: result: yes
configure:12484: checking math.h presence
configure:12484: gcc -E  conftest.c
configure:12484: $? = 0
configure:12484: result: yes
configure:12484: checking for math.h
configure:12484: result: yes
configure:12503: checking for unistd.h
configure:12503: result: yes
configure:12503: checking sys/time.h usability
configure:12503: gcc -c -O3  conftest.c >&5
configure:12503: $? = 0
configure:12503: result: yes
configure:12503: checking sys/time.h presence
configure:12503: gcc -E  conftest.c
configure:12503: $? = 0
configure:12503: result: yes
configure:12503: checking for sys/time.h
configure:12503: result: yes
configure:12503: checking sys/times.h usability
configure:12503: gcc -c -O3  conftest.c >&5
configure:12503: $? = 0
configure:12503: result: yes
configure:12503: checking sys/times.h presence
configure:12503: gcc -E  conftest.c
configure:12503: $? = 0
configure:12503: result: yes
configure:12503: checking for sys/times.h
configure:12503: result: yes
configure:12503: checking sys/resource.h usability
configure:12503: gcc -c -O3  conftest.c >&5
configure:12503: $? = 0
configure:12503: result: yes
configure:12503: checking sys/resource.h presence
configure:12503: gcc -E  conftest.c
configure:12503: $? = 0
configure:12503: result: yes
configure:12503: checking for sys/resource.h
configure:12503: result: yes
configure:12503: checking sys/wait.h usability
configure:12503: gcc -c -O3  conftest.c >&5
configure:12503: $? = 0
configure:12503: result: yes
configure:12503: checking sys/wait.h presence
configure:12503: gcc -E  conftest.c
configure:12503: $? = 0
configure:12503: result: yes
configure:12503: checking for sys/wait.h
configure:12503: result: yes
configure:12514: checking for working C++ thread header
configure:12533: g++ -c -Wall -Wextra -std=c++0x -g -O3  conftest.cpp >&5
configure:12533: $? = 0
configure:12546: result: yes
configure:12557: checking for stdbool.h that conforms to C99
configure:12624: gcc -c -O3  conftest.c >&5
configure:12624: $? = 0
configure:12631: result: yes
configure:12633: checking for _Bool
configure:12633: gcc -c -O3  conftest.c >&5
configure:12633: $? = 0
configure:12633: gcc -c -O3  conftest.c >&5
conftest.c: In function 'main':
conftest.c:73:20: error: expected expression before ')' token
   73 | if (sizeof ((_Bool)))
      |                    ^
configure:12633: $? = 1
configure: failed program was:
| /* confdefs.h */
| #define PACKAGE_NAME "cudd"
| #define PACKAGE_TARNAME "cudd"
| #define PACKAGE_VERSION "3.0.0"
| #define PACKAGE_STRING "cudd 3.0.0"
| #define PACKAGE_BUGREPORT "Fabio@Colorado.EDU"
| #define PACKAGE_URL ""
| #define PACKAGE "cudd"
| #define VERSION "3.0.0"
| #define STDC_HEADERS 1
| #define HAVE_SYS_TYPES_H 1
| #define HAVE_SYS_STAT_H 1
| #define HAVE_STDLIB_H 1
| #define HAVE_STRING_H 1
| #define HAVE_MEMORY_H 1
| #define HAVE_STRINGS_H 1
| #define HAVE_INTTYPES_H 1
| #define HAVE_STDINT_H 1
| #define HAVE_UNISTD_H 1
| #define HAVE_DLFCN_H 1
| #define LT_OBJDIR ".libs/"
| #define HAVE_FLOAT_H 1
| #define HAVE_INTTYPES_H 1
| #define HAVE_LIMITS_H 1
| #define HAVE_STDDEF_H 1
| #define HAVE_STDLIB_H 1
| #define HAVE_STRING_H 1
| #define HAVE_ASSERT_H 1
| #define HAVE_MATH_H 1
| #define HAVE_UNISTD_H 1
| #define HAVE_SYS_TIME_H 1
| #define HAVE_SYS_TIMES_H 1
| #define HAVE_SYS_RESOURCE_H 1
| #define HAVE_SYS_WAIT_H 1
| #define HAVE_WORKING_THREAD 1
| /* end confdefs.h.  */
| #include <stdio.h>
| #ifdef HAVE_SYS_TYPES_H
| # include <sys/types.h>
| #endif
| #ifdef HAVE_SYS_STAT_H
| # include <sys/stat.h>
| #endif
| #ifdef STDC_HEADERS
| # include <stdlib.h>
| # include <stddef.h>
| #else
| # ifdef HAVE_STDLIB_H
| #  include <stdlib.h>
| # endif
| #endif
| #ifdef HAVE_STRING_H
| # if !defined STDC_HEADERS && defined HAVE_MEMORY_H
| #  include <memory.h>
| # endif
| # include <string.h>
| #endif
| #ifdef HAVE_STRINGS_H
| # include <strings.h>
| #endif
| #ifdef HAVE_INTTYPES_H
| # include <inttypes.h>
| #endif
| #ifdef HAVE_STDINT_H
| # include <stdint.h>
| #endif
| #ifdef HAVE_UNISTD_H
| # include <unistd.h>
| #endif
| int
| main ()
| {
| if (sizeof ((_Bool)))
| 	    return 0;
|   ;
|   return 0;
| }
configure:12633: result: yes
configure:12644: checking for inline
configure:12660: gcc -c -O3  conftest.c >&5
configure:12660: $? = 0
configure:12668: result: inline
configure:12686: checking for size_t
configure:12686: gcc -c -O3  conftest.c >&5
configure:12686: $? = 0
configure:12686: gcc -c -O3  conftest.c >&5
conftest.c: In function 'main':
conftest.c:74:21: error: expected expression before ')' token
   74 | if (sizeof ((size_t)))
      |                     ^
configure:12686: $? = 1
configure: failed program was:
| /* confdefs.h */
| #define PACKAGE_NAME "cudd"
| #define PACKAGE_TARNAME "cudd"
| #define PACKAGE_VERSION "3.0.0"
| #define PACKAGE_STRING "cudd 3.0.0"
| #define PACKAGE_BUGREPORT "Fabio@Colorado.EDU"
| #define PACKAGE_URL ""
| #define PACKAGE "cudd"
| #define VERSION "3.0.0"
| #define STDC_HEADERS 1
| #define HAVE_SYS_TYPES_H 1
| #define HAVE_SYS_STAT_H 1
| #define HAVE_STDLIB_H 1
| #define HAVE_STRING_H 1
| #define HAVE_MEMORY_H 1
| #define HAVE_STRINGS_H 1
| #define HAVE_INTTYPES_H 1
| #define HAVE_STDINT_H 1
| #define HAVE_UNISTD_H 1
| #define HAVE_DLFCN_H 1
| #define LT_OBJDIR ".libs/"
| #define HAVE_FLOAT_H 1
| #define HAVE_INTTYPES_H 1
| #define HAVE_LIMITS_H 1
| #define HAVE_STDDEF_H 1
| #define HAVE_STDLIB_H 1
| #define HAVE_STRING_H 1
| #define HAVE_ASSERT_H 1
| #define HAVE_MATH_H 1
| #define HAVE_UNISTD_H 1
| #define HAVE_SYS_TIME_H 1
| #define HAVE_SYS_TIMES_H 1
| #define HAVE_SYS_RESOURCE_H 1
| #define HAVE_SYS_WAIT_H 1
| #define HAVE_WORKING_THREAD 1
| #define HAVE__BOOL 1
| /* end confdefs.h.  */
| #include <stdio.h>
| #ifdef HAVE_SYS_TYPES_H
| # include <sys/types.h>
| #endif
| #ifdef HAVE_SYS_STAT_H
| # include <sys/stat.h>
| #endif
| #ifdef STDC_HEADERS
| # include <stdlib.h>
| # include <stddef.h>
| #else
| # ifdef HAVE_STDLIB_H
| #  include <stdlib.h>
| # endif
| #endif
| #ifdef HAVE_STRING_H
| # if !defined STDC_HEADERS && defined HAVE_MEMORY_H
| #  include <memory.h>
| # endif
| # include <string.h>
| #endif
| #ifdef HAVE_STRINGS_H
| # include <strings.h>
| #endif
| #ifdef HAVE_INTTYPES_H
| # include <inttypes.h>
| #endif
| #ifdef HAVE_STDINT_H
| # include <stdint.h>
| #endif
| #ifdef HAVE_UNISTD_H
| # include <unistd.h>
| #endif
| int
| main ()
| {
| if (sizeof ((size_t)))
| 	    return 0;
|   ;
|   return 0;
| }
configure:12686: result: yes
configure:12697: checking for uint16_t
configure:12697: gcc -c -O3  conftest.c >&5
configure:12697: $? = 0
configure:12697: result: yes
configure:12709: checking for uint32_t
configure:12709: gcc -c -O3  conftest.c >&5
configure:12709: $? = 0
configure:12709: result: yes
configure:12723: checking for ptrdiff_t
configure:12723: gcc -c -O3  conftest.c >&5
configure:12723: $? = 0
configure:12723: gcc -c -O3  conftest.c >&5
conftest.c: In function 'main':
conftest.c:74:24: error: expected expression before ')' token
   74 | if (sizeof ((ptrdiff_t)))
      |                        ^
configure:12723: $? = 1
configure: failed program was:
| /* confdefs.h */
| #define PACKAGE_NAME "cudd"
| #define PACKAGE_TARNAME "cudd"
| #define PACKAGE_VERSION "3.0.0"
| #define PACKAGE_STRING "cudd 3.0.0"
| #define PACKAGE_BUGREPORT "Fabio@Colorado.EDU"
| #define PACKAGE_URL ""
| #define PACKAGE "cudd"
| #define VERSION "3.0.0"
| #define STDC_HEADERS 1
| #define HAVE_SYS_TYPES_H 1
| #define HAVE_SYS_STAT_H 1
| #define HAVE_STDLIB_H 1
| #define HAVE_STRING_H 1
| #define HAVE_MEMORY_H 1
| #define HAVE_STRINGS_H 1
| #define HAVE_INTTYPES_H 1
| #define HAVE_STDINT_H 1
| #define HAVE_UNISTD_H 1
| #define HAVE_DLFCN_H 1
| #define LT_OBJDIR ".libs/"
| #define HAVE_FLOAT_H 1
| #define HAVE_INTTYPES_H 1
| #define HAVE_LIMITS_H 1
| #define HAVE_STDDEF_H 1
| #define HAVE_STDLIB_H 1
| #define HAVE_STRING_H 1
| #define HAVE_ASSERT_H 1
| #define HAVE_MATH_H 1
| #define HAVE_UNISTD_H 1
| #define HAVE_SYS_TIME_H 1
| #define HAVE_SYS_TIMES_H 1
| #define HAVE_SYS_RESOURCE_H 1
| #define HAVE_SYS_WAIT_H 1
| #define HAVE_WORKING_THREAD 1
| #define HAVE__BOOL 1
| /* end confdefs.h.  */
| #include <stdio.h>
| #ifdef HAVE_SYS_TYPES_H
| # include <sys/types.h>
| #endif
| #ifdef HAVE_SYS_STAT_H
| # include <sys/stat.h>
| #endif
| #ifdef STDC_HEADERS
| # include <stdlib.h>
| # include <stddef.h>
| #else
| # ifdef HAVE_STDLIB_H
| #  include <stdlib.h>
| # endif
| #endif
| #ifdef HAVE_STRING_H
| # if !defined STDC_HEADERS && defined HAVE_MEMORY_H
| #  include <memory.h>
| # endif
| # include <string.h>
| #endif
| #ifdef HAVE_STRINGS_H
| # include <strings.h>
| #endif
| #ifdef HAVE_INTTYPES_H
| # include <inttypes.h>
| #endif
| #ifdef HAVE_STDINT_H
| # include <stdint.h>
| #endif
| #ifdef HAVE_UNISTD_H
| # include <unistd.h>
| #endif
| int
| main ()
| {
| if (sizeof ((ptrdiff_t)))
| 	    return 0;
|   ;
|   return 0;
| }
configure:12723: result: yes
configure:12737: checking size of int
configure:12742: gcc -o conftest -O3   conftest.c -lm  >&5
configure:12742: $? = 0
configure:12742: ./conftest
configure:12742: $? = 0
configure:12756: result: 4
configure:12770: checking size of long
configure:12775: gcc -o conftest -O3   conftest.c -lm  >&5
configure:12775: $? = 0
configure:12775: ./conftest
configure:12775: $? = 0
configure:12789: result: 8
configure:12803: checking size of void *
configure:12808: gcc -o conftest -O3   conftest.c -lm  >&5
configure:12808: $? = 0
configure:12808: ./conftest
configure:12808: $? = 0
configure:12822: result: 8
configure:12836: checking size of long double
configure:12841: gcc -o conftest -O3   conftest.c -lm  >&5
configure:12841: $? = 0
configure:12841: ./conftest
configure:12841: $? = 0
configure:12855: result: 16
configure:12865: checking whether we are building for a Win32 host
configure:12877: gcc -c -O3  conftest.c >&5
configure:12877: $? = 0
configure:12884: result: no
configure:12899: checking whether enough of C++11 is supported
configure:12918: g++ -c -Wall -Wextra -std=c++0x -g -O3  conftest.cpp >&5
conftest.cpp: In function 'int main()':
conftest.cpp:46:9: warning: unused variable 'p' [-Wunused-variable]
   46 |   void *p = nullptr;
      |         ^
configure:12918: $? = 0
configure:12931: result: yes
configure:12944: checking for pow
configure:12944: gcc -o conftest -O3   conftest.c -lm  >&5
conftest.c:67:6: warning: conflicting types for built-in function 'pow'; expected 'double(double,  double)' [-Wbuiltin-declaration-mismatch]
   67 | char pow ();
      |      ^~~
conftest.c:55:1: note: 'pow' is declared in header '<math.h>'
   54 | # include <limits.h>
   55 | #else
configure:12944: $? = 0
configure:12944: result: yes
configure:12944: checking for sqrt
configure:12944: gcc -o conftest -O3   conftest.c -lm  >&5
conftest.c:68:6: warning: conflicting types for built-in function 'sqrt'; expected 'double(double)' [-Wbuiltin-declaration-mismatch]
   68 | char sqrt ();
      |      ^~~~
conftest.c:56:1: note: 'sqrt' is declared in header '<math.h>'
   55 | # include <limits.h>
   56 | #else
configure:12944: $? = 0
configure:12944: result: yes
configure:12944: checking for strchr
configure:12944: gcc -o conftest -O3   conftest.c -lm  >&5
conftest.c:69:6: warning: conflicting types for built-in function 'strchr'; expected 'char *(const char *, int)' [-Wbuiltin-declaration-mismatch]
   69 | char strchr ();
      |      ^~~~~~
conftest.c:57:1: note: 'strchr' is declared in header '<string.h>'
   56 | # include <limits.h>
   57 | #else
configure:12944: $? = 0
configure:12944: result: yes
configure:12944: checking for strstr
configure:12944: gcc -o conftest -O3   conftest.c -lm  >&5
conftest.c:70:6: warning: conflicting types for built-in function 'strstr'; expected 'char *(const char *, const char *)' [-Wbuiltin-declaration-mismatch]
   70 | char strstr ();
      |      ^~~~~~
conftest.c:58:1: note: 'strstr' is declared in header '<string.h>'
   57 | # include <limits.h>
   58 | #else
configure:12944: $? = 0
configure:12944: result: yes
configure:12962: checking for powl
configure:12962: gcc -o conftest -O3   conftest.c -lm  >&5
conftest.c:71:6: warning: conflicting types for built-in function 'powl'; expected 'long double(long double,  long double)' [-Wbuiltin-declaration-mismatch]
   71 | char powl ();
      |      ^~~~
conftest.c:59:1: note: 'powl' is declared in header '<math.h>'
   58 | # include <limits.h>
   59 | #else
configure:12962: $? = 0
configure:12962: result: yes
configure:12962: checking for gethostname
configure:12962: gcc -o conftest -O3   conftest.c -lm  >&5
configure:12962: $? = 0
configure:12962: result: yes
configure:12962: checking for getrlimit
configure:12962: gcc -o conftest -O3   conftest.c -lm  >&5
configure:12962: $? = 0
configure:12962: result: yes
configure:12962: checking for getrusage
configure:12962: gcc -o conftest -O3   conftest.c -lm  >&5
configure:12962: $? = 0
configure:12962: result: yes
configure:12962: checking for sysconf
configure:12962: gcc -o conftest -O3   conftest.c -lm  >&5
configure:12962: $? = 0
configure:12962: result: yes
configure:12974: checking for +Infinity (IEEE 754 floating point)
configure:12993: gcc -o conftest -O3   conftest.c -lm  >&5
conftest.c:55:1: warning: return type defaults to 'int' [-Wimplicit-int]
   55 | main(void)
      | ^~~~
configure:12993: $? = 0
configure:12993: ./conftest
configure:12993: $? = 0
configure:13024: result: yes
configure:13153: checking that generated files are newer than configure
configure:13159: result: done
configure:13215: creating ./config.status

## ---------------------- ##
## Running config.status. ##
## ---------------------- ##

This file was extended by cudd config.status 3.0.0, which was
generated by GNU Autoconf 2.69.  Invocation command line was

  CONFIG_FILES    = 
  CONFIG_HEADERS  = 
  CONFIG_LINKS    = 
  CONFIG_COMMANDS = 
  $ ./config.status 

on cero

config.status:1198: creating Doxyfile
config.status:1198: creating doc/cudd.tex
config.status:1198: creating Makefile
config.status:1198: creating dddmp/exp/test1.sh
config.status:1198: creating dddmp/exp/test2.sh
config.status:1198: creating dddmp/exp/test3.sh
config.status:1198: creating dddmp/exp/test4.sh
config.status:1198: creating dddmp/exp/test5.sh
config.status:1198: creating dddmp/exp/test6.sh
config.status:1198: creating dddmp/exp/test7.sh
config.status:1198: creating config.h
config.status:1427: executing depfiles commands
config.status:1427: executing libtool commands

## ---------------- ##
## Cache variables. ##
## ---------------- ##

ac_cv_build=x86_64-unknown-linux-gnu
ac_cv_c_bigendian=no
ac_cv_c_compiler_gnu=yes
ac_cv_c_inline=inline
ac_cv_c_uint16_t=yes
ac_cv_c_uint32_t=yes
ac_cv_cxx_compiler_gnu=yes
ac_cv_env_CCC_set=
ac_cv_env_CCC_value=
ac_cv_env_CC_set=
ac_cv_env_CC_value=
ac_cv_env_CFLAGS_set=set
ac_cv_env_CFLAGS_value=-O3
ac_cv_env_CPPFLAGS_set=
ac_cv_env_CPPFLAGS_value=
ac_cv_env_CPP_set=
ac_cv_env_CPP_value=
ac_cv_env_CXXCPP_set=
ac_cv_env_CXXCPP_value=
ac_cv_env_CXXFLAGS_set=
ac_cv_env_CXXFLAGS_value=
ac_cv_env_CXX_set=
ac_cv_env_CXX_value=
ac_cv_env_LDFLAGS_set=
ac_cv_env_LDFLAGS_value=
ac_cv_env_LIBS_set=
ac_cv_env_LIBS_value=
ac_cv_env_build_alias_set=
ac_cv_env_build_alias_value=
ac_cv_env_host_alias_set=
ac_cv_env_host_alias_value=
ac_cv_env_target_alias_set=
ac_cv_env_target_alias_value=
ac_cv_func_gethostname=yes
ac_cv_func_getrlimit=yes
ac_cv_func_getrusage=yes
ac_cv_func_pow=yes
ac_cv_func_powl=yes
ac_cv_func_sqrt=yes
ac_cv_func_strchr=yes
ac_cv_func_strstr=yes
ac_cv_func_sysconf=yes
ac_cv_have_ieee_754=yes
ac_cv_have_modern_cxx=yes
ac_cv_header_assert_h=yes
ac_cv_header_dlfcn_h=yes
ac_cv_header_float_h=yes
ac_cv_header_inttypes_h=yes
ac_cv_header_limits_h=yes
ac_cv_header_math_h=yes
ac_cv_header_memory_h=yes
ac_cv_header_stdbool_h=yes
ac_cv_header_stdc=yes
ac_cv_header_stddef_h=yes
ac_cv_header_stdint_h=yes
ac_cv_header_stdlib_h=yes
ac_cv_header_string_h=yes
ac_cv_header_strings_h=yes
ac_cv_header_sys_resource_h=yes
ac_cv_header_sys_stat_h=yes
ac_cv_header_sys_time_h=yes
ac_cv_header_sys_times_h=yes
ac_cv_header_sys_types_h=yes
ac_cv_header_sys_wait_h=yes
ac_cv_header_unistd_h=yes
ac_cv_host=x86_64-unknown-linux-gnu
ac_cv_lib_pthread_pthread_create=yes
ac_cv_objext=o
ac_cv_path_EGREP='/usr/bin/grep -E'
ac_cv_path_FGREP='/usr/bin/grep -F'
ac_cv_path_GREP=/usr/bin/grep
ac_cv_path_SED=/usr/bin/sed
ac_cv_path_install='/usr/bin/install -c'
ac_cv_path_mkdir=/usr/bin/mkdir
ac_cv_prog_AWK=gawk
ac_cv_prog_CPP='gcc -E'
ac_cv_prog_CXXCPP='g++ -E'
ac_cv_prog_DOXYGEN=doxygen
ac_cv_prog_MAKEINDEX=makeindex
ac_cv_prog_PDFLATEX=pdflatex
ac_cv_prog_ac_ct_AR=ar
ac_cv_prog_ac_ct_CC=gcc
ac_cv_prog_ac_ct_CXX=g++
ac_cv_prog_ac_ct_OBJDUMP=objdump
ac_cv_prog_ac_ct_RANLIB=ranlib
ac_cv_prog_ac_ct_STRIP=strip
ac_cv_prog_cc_c89=
ac_cv_prog_cc_g=yes
ac_cv_prog_cxx_g=yes
ac_cv_prog_make_make_set=yes
ac_cv_search_GetProcessMemoryInfo=no
ac_cv_search_WSAStartup=no
ac_cv_search_pow=-lm
ac_cv_sizeof_int=4
ac_cv_sizeof_long=8
ac_cv_sizeof_long_double=16
ac_cv_sizeof_void_p=8
ac_cv_type__Bool=yes
ac_cv_type_ptrdiff_t=yes
ac_cv_type_size_t=yes
am_cv_CC_dependencies_compiler_type=gcc3
am_cv_CXX_dependencies_compiler_type=gcc3
am_cv_ar_interface=ar
am_cv_make_support_nested_variables=yes
am_cv_prog_cc_c_o=yes
lt_cv_ar_at_file=@
lt_cv_deplibs_check_method=pass_all
lt_cv_file_magic_cmd='$MAGIC_CMD'
lt_cv_file_magic_test_file=
lt_cv_ld_reload_flag=-r
lt_cv_nm_interface='BSD nm'
lt_cv_objdir=.libs
lt_cv_path_LD=/usr/bin/ld
lt_cv_path_LDCXX='/usr/bin/ld -m elf_x86_64'
lt_cv_path_NM='/usr/bin/nm -B'
lt_cv_path_mainfest_tool=no
lt_cv_prog_compiler_c_o=yes
lt_cv_prog_compiler_c_o_CXX=yes
lt_cv_prog_compiler_pic='-fPIC -DPIC'
lt_cv_prog_compiler_pic_CXX='-fPIC -DPIC'
lt_cv_prog_compiler_pic_works=yes
lt_cv_prog_compiler_pic_works_CXX=yes
lt_cv_prog_compiler_rtti_exceptions=no
lt_cv_prog_compiler_static_works=no
lt_cv_prog_compiler_static_works_CXX=no
lt_cv_prog_gnu_ld=yes
lt_cv_prog_gnu_ldcxx=yes
lt_cv_sharedlib_from_linklib_cmd='printf %s\n'
lt_cv_shlibpath_overrides_runpath=no
lt_cv_sys_global_symbol_pipe='sed -n -e '\''s/^.*[	 ]\([ABCDGIRSTW][ABCDGIRSTW]*\)[	 ][	 ]*\([_A-Za-z][_A-Za-z0-9]*\)$/\1 \2 \2/p'\'' | sed '\''/ __gnu_lto/d'\'''
lt_cv_sys_global_symbol_to_c_name_address='sed -n -e '\''s/^: \([^ ]*\)[ ]*$/  {\"\1\", (void *) 0},/p'\'' -e '\''s/^[ABCDGIRSTW]* \([^ ]*\) \([^ ]*\)$/  {"\2", (void *) \&\2},/p'\'''
lt_cv_sys_global_symbol_to_c_name_address_lib_prefix='sed -n -e '\''s/^: \([^ ]*\)[ ]*$/  {\"\1\", (void *) 0},/p'\'' -e '\''s/^[ABCDGIRSTW]* \([^ ]*\) \(lib[^ ]*\)$/  {"\2", (void *) \&\2},/p'\'' -e '\''s/^[ABCDGIRSTW]* \([^ ]*\) \([^ ]*\)$/  {"lib\2", (void *) \&\2},/p'\'''
lt_cv_sys_global_symbol_to_cdecl='sed -n -e '\''s/^T .* \(.*\)$/extern int \1();/p'\'' -e '\''s/^[ABCDGIRSTW]* .* \(.*\)$/extern char \1;/p'\'''
lt_cv_sys_max_cmd_len=1572864
lt_cv_to_host_file_cmd=func_convert_file_noop
lt_cv_to_tool_file_cmd=func_convert_file_noop
mingw_cv_win32_host=no

## ----------------- ##
## Output variables. ##
## ----------------- ##

ACLOCAL='${SHELL} /home/scott/scott_centre/scm/gr1c/extern/src/cudd-3.0.0/build-aux/missing aclocal-1.14'
AMDEPBACKSLASH='\'
AMDEP_FALSE='#'
AMDEP_TRUE=''
AMTAR='$${TAR-tar}'
AM_BACKSLASH='\'
AM_DEFAULT_V='$(AM_DEFAULT_VERBOSITY)'
AM_DEFAULT_VERBOSITY='1'
AM_V='$(V)'
AR='ar'
AS='as'
AUTOCONF='${SHELL} /home/scott/scott_centre/scm/gr1c/extern/src/cudd-3.0.0/build-aux/missing autoconf'
AUTOHEADER='${SHELL} /home/scott/scott_centre/scm/gr1c/extern/src/cudd-3.0.0/build-aux/missing autoheader'
AUTOMAKE='${SHELL} /home/scott/scott_centre/scm/gr1c/extern/src/cudd-3.0.0/build-aux/missing automake-1.14'
AWK='gawk'
CC='gcc'
CCDEPMODE='depmode=gcc3'
CFLAGS='-O3'
CPP='gcc -E'
CPPFLAGS=''
CROSS_COMPILING_FALSE=''
CROSS_COMPILING_TRUE='#'
CXX='g++'
CXXCPP='g++ -E'
CXXDEPMODE='depmode=gcc3'
CXXFLAGS='-Wall -Wextra -std=c++0x -g -O3'
CYGPATH_W='echo'
DDDMP_FALSE=''
DDDMP_TRUE='#'
DEFS='-DHAVE_CONFIG_H'
DEPDIR='.deps'
DLLTOOL='false'
DOXYGEN='doxygen'
DSYMUTIL=''
DUMPBIN=''
ECHO_C=''
ECHO_N='-n'
ECHO_T=''
EGREP='/usr/bin/grep -E'
EXEEXT=''
FGREP='/usr/bin/grep -F'
GREP='/usr/bin/grep'
HAVE_DOXYGEN_FALSE='#'
HAVE_DOXYGEN_TRUE=''
HAVE_PDFLATEX_FALSE='#'
HAVE_PDFLATEX_TRUE=''
HAVE_PTHREADS_FALSE='#'
HAVE_PTHREADS_TRUE=''
INSTALL_DATA='${INSTALL} -m 644'
INSTALL_PROGRAM='${INSTALL}'
INSTALL_SCRIPT='${INSTALL}'
INSTALL_STRIP_PROGRAM='$(install_sh) -c -s'
LD='/usr/bin/ld -m elf_x86_64'
LDFLAGS=''
LIBOBJS=''
LIBS='-lm '
LIBTOOL='$(SHELL) $(top_builddir)/libtool'
LIPO=''
LN_S='ln -s'
LTLIBOBJS=''
MAKEINDEX='makeindex'
MAKEINFO='${SHELL} /home/scott/scott_centre/scm/gr1c/extern/src/cudd-3.0.0/build-aux/missing makeinfo'
MANIFEST_TOOL=':'
MINGW64_FALSE=''
MINGW64_TRUE='#'
MKDIR_P='/usr/bin/mkdir -p'
NM='/usr/bin/nm -B'
NMEDIT=''
OBJDUMP='objdump'
OBJEXT='o'
OBJ_FALSE=''
OBJ_TRUE='#'
OTOOL64=''
OTOOL=''
PACKAGE='cudd'
PACKAGE_BUGREPORT='Fabio@Colorado.EDU'
PACKAGE_NAME='cudd'
PACKAGE_STRING='cudd 3.0.0'
PACKAGE_TARNAME='cudd'
PACKAGE_URL=''
PACKAGE_VERSION='3.0.0'
PATH_SEPARATOR=':'
PDFLATEX='pdflatex'
RANLIB='ranlib'
SED='/usr/bin/sed'
SET_MAKE=''
SHELL='/bin/sh'
STRIP='strip'
VERSION='3.0.0'
ac_ct_AR='ar'
ac_ct_CC='gcc'
ac_ct_CXX='g++'
ac_ct_DUMPBIN=''
am__EXEEXT_FALSE=''
am__EXEEXT_TRUE='#'
am__fastdepCC_FALSE='#'
am__fastdepCC_TRUE=''
am__fastdepCXX_FALSE='#'
am__fastdepCXX_TRUE=''
am__include='include'
am__isrc=''
am__leading_dot='.'
am__nodep='_no'
am__quote=''
am__tar='$${TAR-tar} chof - "$$tardir"'
am__untar='$${TAR-tar} xf -'
bindir='${exec_prefix}/bin'
build='x86_64-unknown-linux-gnu'
build_alias=''
build_cpu='x86_64'
build_os='linux-gnu'
build_vendor='unknown'
datadir='${datarootdir}'
datarootdir='${prefix}/share'
docdir='${datarootdir}/doc/${PACKAGE_TARNAME}'
dvidir='${docdir}'
exec_prefix='${prefix}'
host='x86_64-unknown-linux-gnu'
host_alias=''
host_cpu='x86_64'
host_os='linux-gnu'
host_vendor='unknown'
htmldir='${docdir}'
includedir='${prefix}/include'
infodir='${datarootdir}/info'
install_sh='${SHELL} /home/scott/scott_centre/scm/gr1c/extern/src/cudd-3.0.0/build-aux/install-sh'
libdir='${exec_prefix}/lib'
libexecdir='${exec_prefix}/libexec'
localedir='${datarootdir}/locale'
localstatedir='${prefix}/var'
mandir='${datarootdir}/man'
mkdir_p='$(MKDIR_P)'
oldincludedir='/usr/include'
pdfdir='${docdir}'
prefix='/home/scott/scott_centre/scm/gr1c/extern/src/cudd-3.0.0/../..'
program_transform_name='s,x,x,'
psdir='${docdir}'
sbindir='${exec_prefix}/sbin'
sharedstatedir='${prefix}/com'
sysconfdir='${prefix}/etc'
target_alias=''

## ----------- ##
## confdefs.h. ##
## ----------- ##

/* confdefs.h */
#define PACKAGE_NAME "cudd"
#define PACKAGE_TARNAME "cudd"
#define PACKAGE_VERSION "3.0.0"
#define PACKAGE_STRING "cudd 3.0.0"
#define PACKAGE_BUGREPORT "Fabio@Colorado.EDU"
#define PACKAGE_URL ""
#define PACKAGE "cudd"
#define VERSION "3.0.0"
#define STDC_HEADERS 1
#define HAVE_SYS_TYPES_H 1
#define HAVE_SYS_STAT_H 1
#define HAVE_STDLIB_H 1
#define HAVE_STRING_H 1
#define HAVE_MEMORY_H 1
#define HAVE_STRINGS_H 1
#define HAVE_INTTYPES_H 1
#define HAVE_STDINT_H 1
#define HAVE_UNISTD_H 1
#define HAVE_DLFCN_H 1
#define LT_OBJDIR ".libs/"
#define HAVE_FLOAT_H 1
#define HAVE_INTTYPES_H 1
#define HAVE_LIMITS_H 1
#define HAVE_STDDEF_H 1
#define HAVE_STDLIB_H 1
#define HAVE_STRING_H 1
#define HAVE_ASSERT_H 1
#define HAVE_MATH_H 1
#define HAVE_UNISTD_H 1
#define HAVE_SYS_TIME_H 1
#define HAVE_SYS_TIMES_H 1
#define HAVE_SYS_RESOURCE_H 1
#define HAVE_SYS_WAIT_H 1
#define HAVE_WORKING_THREAD 1
#define HAVE__BOOL 1
#define HAVE_PTRDIFF_T 1
#define SIZEOF_INT 4
#define SIZEOF_LONG 8
#define SIZEOF_VOID_P 8
#define SIZEOF_LONG_DOUBLE 16
#define HAVE_MODERN_CXX 1
#define HAVE_POW 1
#define HAVE_SQRT 1
#define HAVE_STRCHR 1
#define HAVE_STRSTR 1
#define HAVE_POWL 1
#define HAVE_GETHOSTNAME 1
#define HAVE_GETRLIMIT 1
#define HAVE_GETRUSAGE 1
#define HAVE_SYSCONF 1
#define HAVE_IEEE_754 1

configure: exit 0
